<?xml version="1.0" encoding="UTF-8"?>
<testng-results ignored="0" total="1" passed="1" failed="0" skipped="0">
  <reporter-output>
  </reporter-output>
  <suite started-at="2023-01-18T17:47:53 IST" name="Default suite" finished-at="2023-01-18T17:47:54 IST" duration-ms="699">
    <groups>
    </groups>
    <test started-at="2023-01-18T17:47:53 IST" name="Default test" finished-at="2023-01-18T17:47:54 IST" duration-ms="699">
      <class name="kotak.SerializationTest.ComplexSerializationTest">
        <test-method signature="serializationTest()[pri:0, instance:kotak.SerializationTest.ComplexSerializationTest@5ace1ed4]" started-at="2023-01-18T17:47:53 IST" name="serializationTest" finished-at="2023-01-18T17:47:54 IST" duration-ms="610" status="PASS">
          <reporter-output>
          </reporter-output>
        </test-method> <!-- serializationTest -->
      </class> <!-- kotak.SerializationTest.ComplexSerializationTest -->
    </test> <!-- Default test -->
  </suite> <!-- Default suite -->
</testng-results>
